2025-10-26T18:29:14.212405500 ⚠ Пропущено аниме без ID: Роман президента (хентай/яой/эротика)
2025-10-26T18:29:14.213403100 ⚠ Пропущено аниме без ID: Роман президента (хентай/яой/эротика)
2025-10-26T18:29:20.896515100 ⚠ Пропущено аниме без ID: Жестокий Джек 2 (хентай/яой/эротика)
2025-10-26T18:29:30.627484400 ⚠ Пропущено аниме без ID: Жестокий Джек 2 (хентай/яой/эротика)
2025-10-26T18:29:30.628487900 ⚠ Пропущено аниме без ID: Жестокий Джек 2 (хентай/яой/эротика)
2025-10-26T18:29:32.035445900 ⚠ Пропущено аниме без ID: Узы 2 (хентай/яой/эротика)
2025-10-26T18:29:32.119271400 ⚠ Пропущено аниме без ID: Оркестр Фудзими (хентай/яой/эротика)
2025-10-26T18:29:37.289865 ⚠ Пропущено аниме без ID: Цугумомо OVA (хентай/яой/эротика)
2025-10-26T18:29:40.251607300 ⚠ Пропущено аниме без ID: Аки и Сора (хентай/яой/эротика)
2025-10-26T18:29:49.813873100 ⚠ Пропущено аниме без ID: Человек из серебра (хентай/яой/эротика)
2025-10-26T18:29:55.023302400 ⚠ Пропущено аниме без ID: Певчая птица крыльями не машет: Тучи сгущаются (хентай/яой/эротика)
2025-10-26T18:29:55.024301 ⚠ Пропущено аниме без ID: Аки и Сора (хентай/яой/эротика)
2025-10-26T18:29:55.054512 ⚠ Пропущено аниме без ID: Певчая птица крыльями не машет: Тучи сгущаются (хентай/яой/эротика)
2025-10-26T18:29:56.584889600 ⚠ Пропущено аниме без ID: Нана и Каору (хентай/яой/эротика)
2025-10-26T18:29:59.678019 ⚠ Пропущено аниме без ID: Певчая птица крыльями не машет: Тучи сгущаются (хентай/яой/эротика)
2025-10-26T18:30:02.922691200 ⚠ Пропущено аниме без ID: Аки и Сора (хентай/яой/эротика)
2025-10-26T18:30:04.664790800 ⚠ Пропущено аниме без ID: Обреченная любовь 1989 (хентай/яой/эротика)
2025-10-26T18:30:04.689777300 ⚠ Пропущено аниме без ID: Обреченная любовь 1989 (хентай/яой/эротика)
2025-10-26T18:30:04.696773500 ⚠ Пропущено аниме без ID: Бронза: Обреченная любовь 2 (хентай/яой/эротика)
2025-10-26T18:30:04.700773500 ⚠ Пропущено аниме без ID: Сластолюбец (хентай/яой/эротика)
2025-10-26T18:30:06.329956900 ⚠ Пропущено аниме без ID: Возьми меня! (хентай/яой/эротика)
2025-10-26T18:30:06.355935800 ⚠ Пропущено аниме без ID: Кайт — девочка-убийца (хентай/яой/эротика)
2025-10-26T18:30:07.914866900 ⚠ Пропущено аниме без ID: Закрыть последнюю дверь (хентай/яой/эротика)
2025-10-26T18:30:11.244689900 ⚠ Пропущено аниме без ID: Цугумомо OVA (хентай/яой/эротика)
2025-10-26T18:30:13.002728300 ⚠ Пропущено аниме без ID: Аки и Сора (хентай/яой/эротика)
2025-10-26T18:30:13.002728300 ⚠ Пропущено аниме без ID: Аки и Сора (хентай/яой/эротика)
2025-10-26T18:30:14.620669 ⚠ Пропущено аниме без ID: Бронза: Обреченная любовь 2 (хентай/яой/эротика)
2025-10-26T18:30:16.133461 ⚠ Пропущено аниме без ID: Чистая романтика OVA (хентай/яой/эротика)
2025-10-26T18:30:16.146042300 ⚠ Пропущено аниме без ID: Чистая романтика OVA (хентай/яой/эротика)
2025-10-26T18:30:16.181429300 ⚠ Пропущено аниме без ID: Всё ради науки (хентай/яой/эротика)
2025-10-26T18:30:16.181429300 ⚠ Пропущено аниме без ID: Всё ради науки (хентай/яой/эротика)
2025-10-26T18:30:16.206854600 ⚠ Пропущено аниме без ID: Цугумомо OVA (хентай/яой/эротика)
2025-10-26T18:30:20.988644300 ⚠ Пропущено аниме без ID: Цугумомо OVA (хентай/яой/эротика)
2025-10-26T18:30:22.516980800 ⚠ Пропущено аниме без ID: Возьми меня! (хентай/яой/эротика)
2025-10-26T18:30:22.516980800 ⚠ Пропущено аниме без ID: Нана и Каору (хентай/яой/эротика)
2025-10-26T18:30:25.811224300 ⚠ Пропущено аниме без ID: Нана и Каору (хентай/яой/эротика)
2025-10-26T18:30:25.832294 ⚠ Пропущено аниме без ID: Всё ради науки (хентай/яой/эротика)
2025-10-26T18:30:25.856811600 ⚠ Пропущено аниме без ID: Возьми меня! (хентай/яой/эротика)
2025-10-26T18:30:27.462143300 ⚠ Пропущено аниме без ID: Щель (хентай/яой/эротика)
2025-10-26T18:30:27.463560200 ⚠ Пропущено аниме без ID: Щель (хентай/яой/эротика)
2025-10-26T18:30:36.860627800 ⚠ Пропущено аниме без ID: Аки и Сора (хентай/яой/эротика)
2025-10-26T18:30:39.940931400 ⚠ Пропущено аниме без ID: Нукитаси (хентай/яой/эротика)
2025-10-26T18:30:41.489403100 ⚠ Пропущено аниме без ID: Нукитаси (хентай/яой/эротика)
2025-10-26T18:30:50.743850800 ⚠ Пропущено аниме без ID: Лето, когда погас свет [ТВ-1] (хентай/яой/эротика)
2025-10-26T18:30:50.818795900 ⚠ Пропущено аниме без ID: Лето, когда погас свет [ТВ-1] (хентай/яой/эротика)
2025-10-26T18:30:52.238509600 ⚠ Пропущено аниме без ID: Лето, когда погас свет [ТВ-1] (хентай/яой/эротика)
2025-10-26T18:30:52.249842300 ⚠ Пропущено аниме без ID: Лето, когда погас свет [ТВ-1] (хентай/яой/эротика)
2025-10-26T18:30:52.276968 ⚠ Пропущено аниме без ID: Лето, когда погас свет [ТВ-1] (хентай/яой/эротика)
2025-10-26T18:30:52.443899200 ⚠ Пропущено аниме без ID: Лето, когда погас свет [ТВ-1] (хентай/яой/эротика)
2025-10-26T18:30:53.901576900 ⚠ Пропущено аниме без ID: Лето, когда погас свет [ТВ-1] (хентай/яой/эротика)
2025-10-26T18:30:53.910836200 ⚠ Пропущено аниме без ID: Лето, когда погас свет [ТВ-1] (хентай/яой/эротика)
2025-10-26T18:30:53.953635300 ⚠ Пропущено аниме без ID: Лето, когда погас свет [ТВ-1] (хентай/яой/эротика)
2025-10-26T18:30:53.998427900 ⚠ Пропущено аниме без ID: Лето, когда погас свет [ТВ-1] (хентай/яой/эротика)
2025-10-26T18:30:54.020145500 ⚠ Пропущено аниме без ID: Лето, когда погас свет [ТВ-1] (хентай/яой/эротика)
2025-10-26T18:30:55.448155200 ⚠ Пропущено аниме без ID: Лето, когда погас свет [ТВ-1] (хентай/яой/эротика)
2025-10-26T18:30:55.475795700 ⚠ Пропущено аниме без ID: Нукитаси (хентай/яой/эротика)
2025-10-26T18:30:55.480385900 ⚠ Пропущено аниме без ID: Лето, когда погас свет [ТВ-1] (хентай/яой/эротика)
2025-10-26T18:30:55.485222200 ⚠ Пропущено аниме без ID: Нукитаси (хентай/яой/эротика)
2025-10-26T18:30:55.486629300 ⚠ Пропущено аниме без ID: Лето, когда погас свет [ТВ-1] (хентай/яой/эротика)
2025-10-26T18:30:55.500417600 ⚠ Пропущено аниме без ID: Лето, когда погас свет [ТВ-1] (хентай/яой/эротика)
2025-10-26T18:30:55.507003200 ⚠ Пропущено аниме без ID: Лето, когда погас свет [ТВ-1] (хентай/яой/эротика)
2025-10-26T18:30:55.508021800 ⚠ Пропущено аниме без ID: Лето, когда погас свет [ТВ-1] (хентай/яой/эротика)
2025-10-26T18:30:55.542900500 ⚠ Пропущено аниме без ID: Лето, когда погас свет [ТВ-1] (хентай/яой/эротика)
2025-10-26T18:30:55.566154900 ⚠ Пропущено аниме без ID: Лето, когда погас свет [ТВ-1] (хентай/яой/эротика)
2025-10-26T18:30:56.984167900 ⚠ Пропущено аниме без ID: Лето, когда погас свет [ТВ-1] (хентай/яой/эротика)
2025-10-26T18:30:56.984167900 ⚠ Пропущено аниме без ID: Лето, когда погас свет [ТВ-1] (хентай/яой/эротика)
2025-10-26T18:30:56.987376700 ⚠ Пропущено аниме без ID: Нукитаси (хентай/яой/эротика)
2025-10-26T18:30:56.994725400 ⚠ Пропущено аниме без ID: Лето, когда погас свет [ТВ-1] (хентай/яой/эротика)
2025-10-26T18:30:57.003151500 ⚠ Пропущено аниме без ID: Лето, когда погас свет [ТВ-1] (хентай/яой/эротика)
2025-10-26T18:30:57.037117 ⚠ Пропущено аниме без ID: Лето, когда погас свет [ТВ-1] (хентай/яой/эротика)
2025-10-26T18:30:57.051624900 ⚠ Пропущено аниме без ID: Лето, когда погас свет [ТВ-1] (хентай/яой/эротика)
2025-10-26T18:30:57.053623500 ⚠ Пропущено аниме без ID: Лето, когда погас свет [ТВ-1] (хентай/яой/эротика)
2025-10-26T18:30:57.066632200 ⚠ Пропущено аниме без ID: Лето, когда погас свет [ТВ-1] (хентай/яой/эротика)
2025-10-26T18:30:57.130607900 ⚠ Пропущено аниме без ID: Нукитаси (хентай/яой/эротика)
2025-10-26T18:30:57.131810500 ⚠ Пропущено аниме без ID: Нукитаси (хентай/яой/эротика)
2025-10-26T18:31:03.049691800 ⚠ Пропущено аниме без ID: Лето, когда погас свет [ТВ-1] (хентай/яой/эротика)
2025-10-26T18:31:03.063042500 ⚠ Пропущено аниме без ID: Лето, когда погас свет [ТВ-1] (хентай/яой/эротика)
2025-10-26T18:31:04.915702600 ⚠ Пропущено аниме без ID: Нукитаси (хентай/яой/эротика)
2025-10-26T18:31:04.942317400 ⚠ Пропущено аниме без ID: Лето, когда погас свет [ТВ-1] (хентай/яой/эротика)
2025-10-26T18:31:07.989341100 ⚠ Пропущено аниме без ID: Маг-целитель: Новый старт (хентай/яой/эротика)
2025-10-26T18:31:07.992681 ⚠ Пропущено аниме без ID: Нукитаси (хентай/яой/эротика)
2025-10-26T18:31:08.042152100 ⚠ Пропущено аниме без ID: Нукитаси (хентай/яой/эротика)
2025-10-26T18:31:09.644337300 ⚠ Пропущено аниме без ID: Лето, когда погас свет [ТВ-1] (хентай/яой/эротика)
2025-10-26T18:31:26.906939500 ⚠ Пропущено аниме без ID: Маг-целитель: Новый старт (хентай/яой/эротика)
2025-10-26T18:31:31.255404200 ⚠ Пропущено аниме без ID: Маг-целитель: Новый старт (хентай/яой/эротика)
2025-10-26T18:32:36.598507400 ⚠ Пропущено аниме без ID: Гарем конца света (хентай/яой/эротика)
2025-10-26T18:32:39.706660100 ⚠ Пропущено аниме без ID: Питер Грилл и время мудреца [ТВ-2] (хентай/яой/эротика)
2025-10-26T18:32:56.415597200 ⚠ Пропущено аниме без ID: Межвидовые рецензенты (хентай/яой/эротика)
2025-10-26T18:33:15.863834 ⚠ Пропущено аниме без ID: Гарем рабов в лабиринте другого мира (хентай/яой/эротика)
2025-10-26T18:33:15.864835100 ⚠ Пропущено аниме без ID: Гарем рабов в лабиринте другого мира (хентай/яой/эротика)
2025-10-26T18:33:15.864835100 ⚠ Пропущено аниме без ID: Гарем рабов в лабиринте другого мира (хентай/яой/эротика)
2025-10-26T18:33:15.940542500 ⚠ Пропущено аниме без ID: Дзёсиоти: Девушка свалилась со 2-го этажа! (хентай/яой/эротика)
2025-10-26T18:33:15.993483900 ⚠ Пропущено аниме без ID: Роллинг Рёта (хентай/яой/эротика)
2025-10-26T18:33:22.069057 ⚠ Пропущено аниме без ID: Питер Грилл и время мудреца [ТВ-2] (хентай/яой/эротика)
2025-10-26T18:33:22.114305800 ⚠ Пропущено аниме без ID: Питер Грилл и время мудреца [ТВ-2] (хентай/яой/эротика)
2025-10-26T18:33:22.115306400 ⚠ Пропущено аниме без ID: Питер Грилл и время мудреца [ТВ-2] (хентай/яой/эротика)
2025-10-26T18:33:23.533166900 ⚠ Пропущено аниме без ID: Питер Грилл и время мудреца [ТВ-2] (хентай/яой/эротика)
2025-10-26T18:33:28.104667500 ⚠ Пропущено аниме без ID: Шесть пар (хентай/яой/эротика)
2025-10-26T18:33:36.028320900 ⚠ Пропущено аниме без ID: Гарем рабов в лабиринте другого мира (хентай/яой/эротика)
2025-10-26T18:33:36.038688900 ⚠ Пропущено аниме без ID: Гарем рабов в лабиринте другого мира (хентай/яой/эротика)
2025-10-26T18:33:36.039690200 ⚠ Пропущено аниме без ID: Гарем рабов в лабиринте другого мира (хентай/яой/эротика)
2025-10-26T18:33:46.589605100 ⚠ Пропущено аниме без ID: Гарем конца света (хентай/яой/эротика)
2025-10-26T18:33:49.726606500 ⚠ Пропущено аниме без ID: Мой жених – своенравный и инфантильный ученик (хентай/яой/эротика)
2025-10-26T18:33:54.226803800 ⚠ Пропущено аниме без ID: Гарем конца света (хентай/яой/эротика)
2025-10-26T18:33:55.973031100 ⚠ Пропущено аниме без ID: Гарем конца света (хентай/яой/эротика)
2025-10-26T18:33:56.072000600 ⚠ Пропущено аниме без ID: Гарем конца света (хентай/яой/эротика)
2025-10-26T18:33:57.578847 ⚠ Пропущено аниме без ID: Гарем конца света (хентай/яой/эротика)
2025-10-26T18:33:57.792038100 ⚠ Пропущено аниме без ID: Гарем конца света (хентай/яой/эротика)
2025-10-26T18:33:57.814213600 ⚠ Пропущено аниме без ID: Гарем конца света (хентай/яой/эротика)
2025-10-26T18:33:57.822083500 ⚠ Пропущено аниме без ID: Гарем конца света (хентай/яой/эротика)
2025-10-26T18:34:07.306969400 ⚠ Пропущено аниме без ID: Шоу начинается! Хочу петь, как старшая сестра (хентай/яой/эротика)
2025-10-26T18:34:08.878951300 ⚠ Пропущено аниме без ID: Прегрешение: Семь смертных грехов (хентай/яой/эротика)
2025-10-26T18:34:09.031811 ⚠ Пропущено аниме без ID: Маг-целитель: Новый старт (хентай/яой/эротика)
2025-10-26T18:34:30.728576700 ⚠ Пропущено аниме без ID: Маг-целитель: Новый старт (хентай/яой/эротика)
2025-10-26T18:34:32.263433500 ⚠ Пропущено аниме без ID: Маг-целитель: Новый старт (хентай/яой/эротика)
2025-10-26T18:34:32.270673500 ⚠ Пропущено аниме без ID: Маг-целитель: Новый старт (хентай/яой/эротика)
2025-10-26T18:34:32.271671300 ⚠ Пропущено аниме без ID: Маг-целитель: Новый старт (хентай/яой/эротика)
2025-10-26T18:34:32.294890300 ⚠ Пропущено аниме без ID: Маг-целитель: Новый старт (хентай/яой/эротика)
2025-10-26T18:34:32.301253800 ⚠ Пропущено аниме без ID: Тиран, который влюбился (хентай/яой/эротика)
2025-10-26T18:34:32.328004100 ⚠ Пропущено аниме без ID: Маг-целитель: Новый старт (хентай/яой/эротика)
2025-10-26T18:34:32.330001500 ⚠ Пропущено аниме без ID: Маг-целитель: Новый старт (хентай/яой/эротика)
2025-10-26T18:34:36.935828600 ⚠ Пропущено аниме без ID: Аки и Сора OVA-2 (хентай/яой/эротика)
2025-10-26T18:34:47.753104700 ⚠ Пропущено аниме без ID: Начальник с большим размером (хентай/яой/эротика)
2025-10-26T18:34:49.339948 ⚠ Пропущено аниме без ID: Невеста титана (хентай/яой/эротика)
2025-10-26T18:34:49.400818300 ⚠ Пропущено аниме без ID: Без ума от его пальцев (хентай/яой/эротика)
2025-10-26T18:34:51.062023900 ⚠ Пропущено аниме без ID: Питер Грилл и время мудреца (хентай/яой/эротика)
2025-10-26T18:34:52.546051600 ⚠ Пропущено аниме без ID: Питер Грилл и время мудреца (хентай/яой/эротика)
2025-10-26T18:34:52.554454200 ⚠ Пропущено аниме без ID: Питер Грилл и время мудреца (хентай/яой/эротика)
2025-10-26T18:34:52.562652400 ⚠ Пропущено аниме без ID: Питер Грилл и время мудреца (хентай/яой/эротика)
2025-10-26T18:34:53.958491900 ⚠ Пропущено аниме без ID: Питер Грилл и время мудреца (хентай/яой/эротика)
2025-10-26T18:34:53.959828500 ⚠ Пропущено аниме без ID: Питер Грилл и время мудреца (хентай/яой/эротика)
2025-10-26T18:34:55.519805800 ⚠ Пропущено аниме без ID: Межвидовые рецензенты (хентай/яой/эротика)
2025-10-26T18:34:55.584116100 ⚠ Пропущено аниме без ID: Невеста титана (хентай/яой/эротика)
2025-10-26T18:34:55.646184 ⚠ Пропущено аниме без ID: Секс Пистолс (хентай/яой/эротика)
2025-10-26T18:34:55.653248700 ⚠ Пропущено аниме без ID: Предостережение для школьного председателя (хентай/яой/эротика)
2025-10-26T18:34:55.653248700 ⚠ Пропущено аниме без ID: Невинная роза (хентай/яой/эротика)
2025-10-26T18:34:57.255533200 ⚠ Пропущено аниме без ID: Денег нет! (хентай/яой/эротика)
2025-10-26T18:34:57.429012 ⚠ Пропущено аниме без ID: Поцелуй во тьме (хентай/яой/эротика)
2025-10-26T18:35:00.613827 ⚠ Пропущено аниме без ID: Аки и Сора OVA-2 (хентай/яой/эротика)
2025-10-26T18:35:00.613827 ⚠ Пропущено аниме без ID: Аки и Сора OVA-2 (хентай/яой/эротика)
2025-10-26T18:35:00.626258800 ⚠ Пропущено аниме без ID: Узы (хентай/яой/эротика)
2025-10-26T18:35:02.372932400 ⚠ Пропущено аниме без ID: Межвидовые рецензенты (хентай/яой/эротика)
2025-10-26T18:35:03.969933200 ⚠ Пропущено аниме без ID: Межвидовые рецензенты (хентай/яой/эротика)
2025-10-26T18:35:07.103087 ⚠ Пропущено аниме без ID: Прегрешение: Семь смертных грехов (хентай/яой/эротика)
2025-10-26T18:35:10.076280300 ⚠ Пропущено аниме без ID: Жаркая ночка с монахом (хентай/яой/эротика)
2025-10-26T18:35:10.077283300 ⚠ Пропущено аниме без ID: Зверь в юбке (хентай/яой/эротика)
2025-10-26T18:35:11.672149600 ⚠ Пропущено аниме без ID: Тень (хентай/яой/эротика)
2025-10-26T18:35:13.502842800 ⚠ Пропущено аниме без ID: Романтическая любовь заграницей (хентай/яой/эротика)
2025-10-26T18:35:13.578698900 ⚠ Пропущено аниме без ID: Красивый папа (хентай/яой/эротика)
2025-10-26T18:35:15.062551300 ⚠ Пропущено аниме без ID: Без ума от его пальцев (хентай/яой/эротика)
2025-10-26T18:35:18.169281100 ⚠ Пропущено аниме без ID: Красотки-головорезы (хентай/яой/эротика)
2025-10-26T18:35:18.173293200 ⚠ Пропущено аниме без ID: Клин любви OVA-1 (хентай/яой/эротика)
2025-10-26T18:35:24.499976300 ⚠ Пропущено аниме без ID: Межвидовые рецензенты (хентай/яой/эротика)
2025-10-26T18:35:24.528492200 ⚠ Пропущено аниме без ID: Межвидовые рецензенты (хентай/яой/эротика)
2025-10-26T18:35:24.535797 ⚠ Пропущено аниме без ID: Межвидовые рецензенты (хентай/яой/эротика)
2025-10-26T18:35:27.614681900 ⚠ Пропущено аниме без ID: Аки и Сора OVA-2 (хентай/яой/эротика)
2025-10-26T18:35:27.614681900 ⚠ Пропущено аниме без ID: Аки и Сора OVA-2 (хентай/яой/эротика)
2025-10-26T18:35:30.591428100 ⚠ Пропущено аниме без ID: Зимняя цикада (хентай/яой/эротика)
2025-10-26T18:35:32.134320200 ⚠ Пропущено аниме без ID: Романтическая любовь заграницей (хентай/яой/эротика)
2025-10-26T18:35:36.821244 ⚠ Пропущено аниме без ID: Лишний ключ (хентай/яой/эротика)
2025-10-26T18:35:38.379174800 ⚠ Пропущено аниме без ID: Переполнение (хентай/яой/эротика)
2025-10-26T18:35:39.836320200 ⚠ Пропущено аниме без ID: Дзёсиоти: Девушка свалилась со 2-го этажа! (хентай/яой/эротика)
2025-10-26T18:35:44.591964700 ⚠ Пропущено аниме без ID: Жаркая ночка с монахом (хентай/яой/эротика)
2025-10-26T18:35:46.147935400 ⚠ Пропущено аниме без ID: Зверь в юбке (хентай/яой/эротика)
2025-10-26T18:35:50.620308700 ⚠ Пропущено аниме без ID: Двадцатипятилетняя старшеклассница (хентай/яой/эротика)
2025-10-26T18:36:00.553686300 ⚠ Пропущено аниме без ID: Тиран, который влюбился (хентай/яой/эротика)
2025-10-26T18:36:00.633144200 ⚠ Пропущено аниме без ID: Ранс - страж пустыни (хентай/яой/эротика)
2025-10-26T18:36:02.064975 ⚠ Пропущено аниме без ID: Космический корабль Агга Рутер (хентай/яой/эротика)
2025-10-26T18:36:02.172609700 ⚠ Пропущено аниме без ID: Ранс - страж пустыни (хентай/яой/эротика)
2025-10-26T18:36:11.799642200 ⚠ Пропущено аниме без ID: В своих ладонях он держал весну (хентай/яой/эротика)
2025-10-26T18:36:16.271726100 ⚠ Пропущено аниме без ID: Прегрешение: Семь смертных грехов (хентай/яой/эротика)
2025-10-26T18:36:31.238400600 ⚠ Пропущено аниме без ID: Жаркая ночка с монахом (хентай/яой/эротика)
2025-10-26T18:36:31.331154800 ⚠ Пропущено аниме без ID: Жаркая ночка с монахом (хентай/яой/эротика)
2025-10-26T18:36:40.188035200 ⚠ Пропущено аниме без ID: Прегрешение: Семь смертных грехов (хентай/яой/эротика)
2025-10-26T18:36:41.661505200 ⚠ Пропущено аниме без ID: Аки и Сора OVA-2 (хентай/яой/эротика)
2025-10-26T18:36:44.529268700 ⚠ Пропущено аниме без ID: Зверь в юбке (хентай/яой/эротика)
2025-10-26T18:36:46.024411200 ⚠ Пропущено аниме без ID: Дзёсиоти: Девушка свалилась со 2-го этажа! (хентай/яой/эротика)
